<?xml version="1.0" encoding="UTF-8"?>
<!-- Generated by org.testng.reporters.JUnitReportReporter -->
<testsuite skipped="0" hostname="INNO-5CG5202K8S" name="com.epam.rest.PlanetTest" tests="9" failures="0" timestamp="29 Oct 2017 02:22:19 GMT" time="3.964" errors="0">
  <testcase name="testPlanetCount" time="0.740" classname="com.epam.rest.PlanetTest"/>
  <testcase name="testPlanetNotFound" time="0.645" classname="com.epam.rest.PlanetTest"/>
  <testcase name="testPlanetSecondName" time="0.330" classname="com.epam.rest.PlanetTest"/>
  <testcase name="testPlanetURL" time="0.380" classname="com.epam.rest.PlanetTest"/>
  <testcase name="testStatusForALLPlanets" time="0.266" classname="com.epam.rest.PlanetTest"/>
  <testcase name="testPlanetString" time="0.486" classname="com.epam.rest.PlanetTest"/>
  <testcase name="testPlanetWrongCount" time="0.361" classname="com.epam.rest.PlanetTest"/>
  <testcase name="testPlanetNext" time="0.255" classname="com.epam.rest.PlanetTest"/>
  <testcase name="testStatusForPlanetWithId" time="0.501" classname="com.epam.rest.PlanetTest"/>
</testsuite> <!-- com.epam.rest.PlanetTest -->
